#
# There is insufficient memory for the Java Runtime Environment to continue.
# Native memory allocation (mmap) failed to map 234881024 bytes for G1 virtual space
# Possible reasons:
#   The system is out of physical RAM or swap space
#   The process is running with CompressedOops enabled, and the Java Heap may be blocking the growth of the native heap
# Possible solutions:
#   Reduce memory load on the system
#   Increase physical memory or swap space
#   Check if swap backing store is full
#   Decrease Java heap size (-Xmx/-Xms)
#   Decrease number of Java threads
#   Decrease Java thread stack sizes (-Xss)
#   Set larger code cache with -XX:ReservedCodeCacheSize=
#   JVM is running with Zero Based Compressed Oops mode in which the Java heap is
#     placed in the first 32GB address space. The Java Heap base address is the
#     maximum limit for the native heap growth. Please use -XX:HeapBaseMinAddress
#     to set the Java Heap base and to place the Java Heap above 32GB virtual address.
# This output file may be truncated or incomplete.
#
#  Out of Memory Error (os_windows.cpp:3603), pid=11964, tid=13604
#
# JRE version:  (21.0.7+8) (build )
# Java VM: Java HotSpot(TM) 64-Bit Server VM (21.0.7+8-LTS-245, mixed mode, sharing, tiered, compressed oops, compressed class ptrs, g1 gc, windows-amd64)
# No core dump will be written. Minidumps are not enabled by default on client versions of Windows
#

---------------  S U M M A R Y ------------

Command Line: --enable-native-access=ALL-UNNAMED 

Host: AMD Ryzen 3 3200G with Radeon Vega Graphics    , 4 cores, 13G,  Windows 10 , 64 bit Build 19041 (10.0.19041.5915)
Time: Tue Oct 14 18:08:45 2025 Hora estándar de Argentina elapsed time: 0.019020 seconds (0d 0h 0m 0s)

---------------  T H R E A D  ---------------

Current thread (0x000002b0012528c0):  JavaThread "Unknown thread" [_thread_in_vm, id=13604, stack(0x000000cabde00000,0x000000cabdf00000) (1024K)]

Stack: [0x000000cabde00000,0x000000cabdf00000]
Native frames: (J=compiled Java code, j=interpreted, Vv=VM code, C=native code)
V  [jvm.dll+0x6cae19]
V  [jvm.dll+0x855741]
V  [jvm.dll+0x857c6e]
V  [jvm.dll+0x858343]
V  [jvm.dll+0x27e0b6]
V  [jvm.dll+0x6c7595]
V  [jvm.dll+0x6bc0fa]
V  [jvm.dll+0x353eaa]
V  [jvm.dll+0x35bb26]
V  [jvm.dll+0x3ae52e]
V  [jvm.dll+0x3ae7d8]
V  [jvm.dll+0x3281bc]
V  [jvm.dll+0x328d1b]
V  [jvm.dll+0x81eaf9]
V  [jvm.dll+0x3bb211]
V  [jvm.dll+0x807d78]
V  [jvm.dll+0x4503ee]
V  [jvm.dll+0x451fe1]
C  [jli.dll+0x52a3]
C  [ucrtbase.dll+0x21bb2]
C  [KERNEL32.DLL+0x17374]
C  [ntdll.dll+0x4cc91]


---------------  P R O C E S S  ---------------

Threads class SMR info:
_java_thread_list=0x00007ff88bc6cc48, length=0, elements={
}

Java Threads: ( => current thread )
Total: 0

Other Threads:
  0x000002b0033dcab0 WorkerThread "GC Thread#0"                     [id=9612, stack(0x000000cabdf00000,0x000000cabe000000) (1024K)]
  0x000002b0033ebb80 ConcurrentGCThread "G1 Main Marker"            [id=22112, stack(0x000000cabe000000,0x000000cabe100000) (1024K)]
  0x000002b0033ece20 WorkerThread "G1 Conc#0"                       [id=16372, stack(0x000000cabe100000,0x000000cabe200000) (1024K)]

[error occurred during error reporting (printing all threads), id 0xc0000005, EXCEPTION_ACCESS_VIOLATION (0xc0000005) at pc=0x00007ff88b3da947]
VM state: not at safepoint (not fully initialized)

VM Mutex/Monitor currently owned by a thread:  ([mutex/lock_event])
[0x00007ff88bcddf50] Heap_lock - owner thread: 0x000002b0012528c0

Heap address: 0x0000000720c00000, size: 3572 MB, Compressed Oops mode: Zero based, Oop shift amount: 3

CDS archive(s) mapped at: [0x0000000000000000-0x0000000000000000-0x0000000000000000), size 0, SharedBaseAddress: 0x0000000800000000, ArchiveRelocationMode: 1.
Narrow klass base: 0x0000000000000000, Narrow klass shift: 0, Narrow klass range: 0x0

GC Precious Log:
 CardTable entry size: 512
 Card Set container configuration: InlinePtr #cards 4 size 8 Array Of Cards #cards 16 size 48 Howl #buckets 8 coarsen threshold 3686 Howl Bitmap #cards 512 size 80 coarsen threshold 460 Card regions per heap region 1 cards per card region 4096

Heap:
 garbage-first heap   total 0K, used 0K [0x0000000720c00000, 0x0000000800000000)
  region size 2048K, 0 young (0K), 0 survivors (0K)

[error occurred during error reporting (printing heap information), id 0xc0000005, EXCEPTION_ACCESS_VIOLATION (0xc0000005) at pc=0x00007ff88b7c3e79]
GC Heap History (0 events):
No events

Dll operation events (1 events):
Event: 0.014 Loaded shared library C:\Program Files\Java\jdk-21\bin\java.dll

Deoptimization events (0 events):
No events

Classes loaded (0 events):
No events

Classes unloaded (0 events):
No events

Classes redefined (0 events):
No events

Internal exceptions (0 events):
No events

ZGC Phase Switch (0 events):
No events

VM Operations (0 events):
No events

Events (0 events):
No events


Dynamic libraries:
0x00007ff6573b0000 - 0x00007ff6573c0000 	C:\Program Files\Java\jdk-21\bin\java.exe
0x00007ff8ffa10000 - 0x00007ff8ffc08000 	C:\Windows\SYSTEM32\ntdll.dll
0x00007ff8ff530000 - 0x00007ff8ff5f2000 	C:\Windows\System32\KERNEL32.DLL
0x00007ff8fd3d0000 - 0x00007ff8fd6c6000 	C:\Windows\System32\KERNELBASE.dll
0x00007ff8fd7f0000 - 0x00007ff8fd8f0000 	C:\Windows\System32\ucrtbase.dll
0x00007ff8f02c0000 - 0x00007ff8f02d9000 	C:\Program Files\Java\jdk-21\bin\jli.dll
0x00007ff8fe3d0000 - 0x00007ff8fe481000 	C:\Windows\System32\ADVAPI32.dll
0x00007ff8fe000000 - 0x00007ff8fe09e000 	C:\Windows\System32\msvcrt.dll
0x00007ff8ff350000 - 0x00007ff8ff3ef000 	C:\Windows\System32\sechost.dll
0x00007ff8ff410000 - 0x00007ff8ff530000 	C:\Windows\System32\RPCRT4.dll
0x00007ff8fd8f0000 - 0x00007ff8fd917000 	C:\Windows\System32\bcrypt.dll
0x00007ff8fdaf0000 - 0x00007ff8fdc8d000 	C:\Windows\System32\USER32.dll
0x00007ff8fd260000 - 0x00007ff8fd282000 	C:\Windows\System32\win32u.dll
0x00007ff8feeb0000 - 0x00007ff8feedb000 	C:\Windows\System32\GDI32.dll
0x00007ff8fd6d0000 - 0x00007ff8fd7e9000 	C:\Windows\System32\gdi32full.dll
0x00007ff8fd9a0000 - 0x00007ff8fda3d000 	C:\Windows\System32\msvcp_win.dll
0x00007ff8efb30000 - 0x00007ff8efb4b000 	C:\Program Files\Java\jdk-21\bin\VCRUNTIME140.dll
0x00007ff8e1310000 - 0x00007ff8e15ab000 	C:\Windows\WinSxS\amd64_microsoft.windows.common-controls_6595b64144ccf1df_6.0.19041.6280_none_60bc30a171f2f3f3\COMCTL32.dll
0x00007ff8faee0000 - 0x00007ff8faeea000 	C:\Windows\SYSTEM32\VERSION.dll
0x00007ff8fdc90000 - 0x00007ff8fdcbf000 	C:\Windows\System32\IMM32.DLL
0x00007ff8f60c0000 - 0x00007ff8f60cc000 	C:\Program Files\Java\jdk-21\bin\vcruntime140_1.dll
0x00007ff8ec250000 - 0x00007ff8ec2de000 	C:\Program Files\Java\jdk-21\bin\msvcp140.dll
0x00007ff88b0a0000 - 0x00007ff88bdba000 	C:\Program Files\Java\jdk-21\bin\server\jvm.dll
0x00007ff8fe0a0000 - 0x00007ff8fe10b000 	C:\Windows\System32\WS2_32.dll
0x00007ff8fcf10000 - 0x00007ff8fcf5b000 	C:\Windows\SYSTEM32\POWRPROF.dll
0x00007ff8f2b30000 - 0x00007ff8f2b57000 	C:\Windows\SYSTEM32\WINMM.dll
0x00007ff8fcef0000 - 0x00007ff8fcf02000 	C:\Windows\SYSTEM32\UMPDC.dll
0x00007ff8fb130000 - 0x00007ff8fb142000 	C:\Windows\SYSTEM32\kernel.appcore.dll
0x00007ff8f02b0000 - 0x00007ff8f02ba000 	C:\Program Files\Java\jdk-21\bin\jimage.dll
0x00007ff8f47e0000 - 0x00007ff8f49e1000 	C:\Windows\SYSTEM32\DBGHELP.DLL
0x00007ff8df770000 - 0x00007ff8df7a4000 	C:\Windows\SYSTEM32\dbgcore.DLL
0x00007ff8fd290000 - 0x00007ff8fd312000 	C:\Windows\System32\bcryptPrimitives.dll
0x00007ff8efb10000 - 0x00007ff8efb2f000 	C:\Program Files\Java\jdk-21\bin\java.dll

dbghelp: loaded successfully - version: 4.0.5 - missing functions: none
symbol engine: initialized successfully - sym options: 0x614 - pdb path: .;C:\Program Files\Java\jdk-21\bin;C:\Windows\SYSTEM32;C:\Windows\WinSxS\amd64_microsoft.windows.common-controls_6595b64144ccf1df_6.0.19041.6280_none_60bc30a171f2f3f3;C:\Program Files\Java\jdk-21\bin\server

VM Arguments:
jvm_args: --enable-native-access=ALL-UNNAMED 
java_command: <unknown>
java_class_path (initial): <not set>
Launcher Type: SUN_STANDARD

[Global flags]
     intx CICompilerCount                          = 3                                         {product} {ergonomic}
     uint ConcGCThreads                            = 1                                         {product} {ergonomic}
     uint G1ConcRefinementThreads                  = 4                                         {product} {ergonomic}
   size_t G1HeapRegionSize                         = 2097152                                   {product} {ergonomic}
    uintx GCDrainStackTargetSize                   = 64                                        {product} {ergonomic}
   size_t InitialHeapSize                          = 234881024                                 {product} {ergonomic}
   size_t MarkStackSize                            = 4194304                                   {product} {ergonomic}
   size_t MaxHeapSize                              = 3745513472                                {product} {ergonomic}
   size_t MinHeapDeltaBytes                        = 2097152                                   {product} {ergonomic}
   size_t MinHeapSize                              = 8388608                                   {product} {ergonomic}
    uintx NonNMethodCodeHeapSize                   = 5832780                                {pd product} {ergonomic}
    uintx NonProfiledCodeHeapSize                  = 122912730                              {pd product} {ergonomic}
    uintx ProfiledCodeHeapSize                     = 122912730                              {pd product} {ergonomic}
    uintx ReservedCodeCacheSize                    = 251658240                              {pd product} {ergonomic}
     bool SegmentedCodeCache                       = true                                      {product} {ergonomic}
   size_t SoftMaxHeapSize                          = 3745513472                             {manageable} {ergonomic}
     bool UseCompressedOops                        = true                           {product lp64_product} {ergonomic}
     bool UseG1GC                                  = true                                      {product} {ergonomic}
     bool UseLargePagesIndividualAllocation        = false                                  {pd product} {ergonomic}

Logging:
Log output configuration:
 #0: stdout all=warning uptime,level,tags foldmultilines=false
 #1: stderr all=off uptime,level,tags foldmultilines=false

Environment Variables:
JAVA_HOME=C:\Program Files\Java\jdk-21
PATH=C:\Program Files\Java\jdk-21\bin;C:\Program Files\Python38\Scripts\;C:\Windows\system32;C:\Windows;C:\Windows\System32\Wbem;C:\Windows\System32\WindowsPowerShell\v1.0\;C:\Windows\System32\OpenSSH\;C:\Program Files\Microsoft SQL Server\Client SDK\ODBC\110\Tools\Binn\;C:\Program Files (x86)\Microsoft SQL Server\120\Tools\Binn\;C:\Program Files\Microsoft SQL Server\120\Tools\Binn\;C:\Program Files\Microsoft SQL Server\120\DTS\Binn\;C:\Program Files (x86)\Windows Kits\8.1\Windows Performance Toolkit\;C:\Program Files\Git\cmd;C:\Program Files\;C:\Program Files\dotnet\;C:\Windows\system32\config\systemprofile\AppData\Local\Muse Hub\lib;C:\Program Files\Python38\;C:\Program Files\Java\jdk-21\bin;C:\Herramientas\maven\bin;C:\Program Files\MySQL\MySQL Shell 8.0\bin\;C:\Users\Usuario-\AppData\Local\Microsoft\WindowsApps;;C:\Users\Usuario-\AppData\Local\Programs\Microsoft VS Code\bin;C:\Users\Usuario-\AppData\Roaming\npm;C:\Program Files\JetBrains\PyCharm Edu 2021.3.2\bin;
USERNAME=Usuario-
OS=Windows_NT
PROCESSOR_IDENTIFIER=AMD64 Family 23 Model 24 Stepping 1, AuthenticAMD
TMP=C:\Users\Usuario-\AppData\Local\Temp
TEMP=C:\Users\Usuario-\AppData\Local\Temp




Periodic native trim disabled

---------------  S Y S T E M  ---------------

OS:
 Windows 10 , 64 bit Build 19041 (10.0.19041.5915)
OS uptime: 23 days 2:56 hours

CPU: total 4 (initial active 4) (4 cores per cpu, 1 threads per core) family 23 model 24 stepping 1 microcode 0x0, cx8, cmov, fxsr, mmx, 3dnowpref, sse, sse2, sse3, ssse3, sse4a, sse4.1, sse4.2, popcnt, lzcnt, tsc, tscinvbit, avx, avx2, aes, clmul, bmi1, bmi2, adx, sha, fma, vzeroupper, clflush, clflushopt, rdtscp, f16c
Processor Information for all 4 processors :
  Max Mhz: 3600, Current Mhz: 3600, Mhz Limit: 3600

Memory: 4k page, system-wide physical 14284M (1656M free)
TotalPageFile size 22998M (AvailPageFile size 136M)
current process WorkingSet (physical memory assigned to process): 10M, peak: 10M
current process commit charge ("private bytes"): 51M, peak: 275M

vm_info: Java HotSpot(TM) 64-Bit Server VM (21.0.7+8-LTS-245) for windows-amd64 JRE (21.0.7+8-LTS-245), built on 2025-02-21T05:11:27Z by "mach5one" with MS VC++ 17.6 (VS2022)

END.
